<?xml version="1.0" encoding="UTF-8"?>
<!-- Generated by org.testng.reporters.JUnitReportReporter -->
<testsuite skipped="0" hostname="INUH101159" name="com.github.automatedowl.examples.tests.WebHostTests" tests="1" failures="0" timestamp="2020-10-21T09:47:48 IST" time="15.917" errors="0">
  <testcase name="site88Test" time="15.917" classname="com.github.automatedowl.examples.tests.WebHostTests"/>
</testsuite> <!-- com.github.automatedowl.examples.tests.WebHostTests -->
